<?xml version="1.0" encoding="UTF-8"?>
<!-- Generated by org.testng.reporters.JUnitXMLReporter -->
<testsuite ignored="0" hostname="LAPTOP-DNMD5KJU" failures="0" tests="4" name="Create Pipeline Tests" time="112.768" errors="0" timestamp="2025-06-21T15:21:23 IST">
  <testcase classname="com.test.CreatePipelineTest" name="Admin_panel_open_sucessfully" time="0.0">
    <skipped/>
  </testcase> <!-- Admin_panel_open_sucessfully -->
  <testcase classname="com.test.CreatePipelineTest" name="Alert_handle" time="0.002">
    <skipped/>
  </testcase> <!-- Alert_handle -->
  <testcase classname="com.test.CreatePipelineTest" name="Create_pipeline" time="0.0">
    <skipped/>
  </testcase> <!-- Create_pipeline -->
  <testcase classname="com.test.CreatePipelineTest" name="Add_new_pipline" time="0.0">
    <skipped/>
  </testcase> <!-- Add_new_pipline -->
</testsuite> <!-- Create Pipeline Tests -->
