<?xml version="1.0" encoding="UTF-8"?>
<!-- Generated by org.testng.reporters.JUnitXMLReporter -->
<testsuite ignored="0" hostname="LAPTOP-DNMD5KJU" failures="0" tests="4" name="Email Templates Tests" time="3.619" errors="0" timestamp="2025-06-21T15:21:26 IST">
  <testcase classname="com.test.EmailTemplatesTest" name="adminPanelOpenSuccessfully" time="0.0">
    <skipped/>
  </testcase> <!-- adminPanelOpenSuccessfully -->
  <testcase classname="com.test.EmailTemplatesTest" name="Alert_handle" time="0.002">
    <skipped/>
  </testcase> <!-- Alert_handle -->
  <testcase classname="com.test.EmailTemplatesTest" name="openEmailTemplate" time="0.0">
    <skipped/>
  </testcase> <!-- openEmailTemplate -->
  <testcase classname="com.test.EmailTemplatesTest" name="saveEmailTemplates" time="0.0">
    <skipped/>
  </testcase> <!-- saveEmailTemplates -->
</testsuite> <!-- Email Templates Tests -->
