<?xml version="1.0" encoding="UTF-8"?>
<!-- Generated by org.testng.reporters.JUnitXMLReporter -->
<testsuite ignored="0" hostname="LAPTOP-DNMD5KJU" failures="0" tests="6" name="Default test" time="25.917" errors="0" timestamp="2025-06-22T18:17:45 IST">
  <testcase classname="com.test.ContactAttributestTest" name="adminPanelOpenSuccessfully" time="5.286"/>
  <testcase classname="com.test.ContactAttributestTest" name="Alert_handle" time="2.735"/>
  <testcase classname="com.test.ContactAttributestTest" name="openEmailTemplate" time="1.022"/>
  <testcase classname="com.test.ContactAttributestTest" name="Save_Contract_Attributes" time="1.49"/>
  <testcase classname="com.test.ContactAttributestTest" name="Edit_Contract_Attributes" time="4.767"/>
  <testcase classname="com.test.ContactAttributestTest" name="delete_email_template" time="2.649"/>
</testsuite> <!-- Default test -->
