<?xml version="1.0" encoding="UTF-8"?>
<!-- Generated by org.testng.reporters.JUnitReportReporter -->
<testsuite hostname="LAPTOP-DNMD5KJU" failures="0" tests="6" name="com.test.EmailTemplatesTest" time="70.417" errors="0" timestamp="2025-06-21T21:18:35 IST" skipped="0">
  <testcase classname="com.test.EmailTemplatesTest" name="adminPanelOpenSuccessfully" time="7.984"/>
  <testcase classname="com.test.EmailTemplatesTest" name="openEmailTemplate" time="5.269"/>
  <testcase classname="com.test.EmailTemplatesTest" name="Alert_handle" time="34.017"/>
  <testcase classname="com.test.EmailTemplatesTest" name="saveEmailTemplates" time="9.850"/>
  <testcase classname="com.test.EmailTemplatesTest" name="Edit_Email_Template" time="8.472"/>
  <testcase classname="com.test.EmailTemplatesTest" name="delete_email_template" time="4.825"/>
</testsuite> <!-- com.test.EmailTemplatesTest -->
