<?xml version="1.0" encoding="UTF-8"?>
<!-- Generated by org.testng.reporters.JUnitReportReporter -->
<testsuite hostname="LAPTOP-DNMD5KJU" failures="0" tests="6" name="com.test.ContactAttributestTest" time="17.949" errors="0" timestamp="2025-06-22T18:17:46 IST" skipped="0">
  <testcase classname="com.test.ContactAttributestTest" name="adminPanelOpenSuccessfully" time="5.286"/>
  <testcase classname="com.test.ContactAttributestTest" name="Alert_handle" time="2.735"/>
  <testcase classname="com.test.ContactAttributestTest" name="openEmailTemplate" time="1.022"/>
  <testcase classname="com.test.ContactAttributestTest" name="Save_Contract_Attributes" time="1.490"/>
  <testcase classname="com.test.ContactAttributestTest" name="Edit_Contract_Attributes" time="4.767"/>
  <testcase classname="com.test.ContactAttributestTest" name="delete_email_template" time="2.649"/>
</testsuite> <!-- com.test.ContactAttributestTest -->
