<?xml version="1.0" encoding="UTF-8"?>
<!-- Generated by org.testng.reporters.JUnitReportReporter -->
<testsuite hostname="LAPTOP-DNMD5KJU" failures="0" tests="4" name="com.test.CreatePipelineTest" time="34.442" errors="0" timestamp="2025-06-21T16:14:50 IST" skipped="0">
  <testcase classname="com.test.CreatePipelineTest" name="Admin_panel_open_sucessfully" time="5.153"/>
  <testcase classname="com.test.CreatePipelineTest" name="Alert_handle" time="16.890"/>
  <testcase classname="com.test.CreatePipelineTest" name="Create_pipeline" time="1.477"/>
  <testcase classname="com.test.CreatePipelineTest" name="Add_new_pipline" time="10.922"/>
</testsuite> <!-- com.test.CreatePipelineTest -->
